<?xml version="1.0" encoding="UTF-8"?>
<!-- Generated by org.testng.reporters.JUnitReportReporter -->
<testsuite hostname="Vignesh" failures="0" tests="1" name="Runner.TestRunnerTestng" time="4.528" errors="0" timestamp="2022-05-29T22:08:58 IST" skipped="0">
  <testcase classname="Runner.TestRunnerTestng" name="runScenario" time="4.528"/>
  <system-out/>
</testsuite> <!-- Runner.TestRunnerTestng -->
