<?xml version="1.0" encoding="UTF-8"?>
<!-- Generated by org.testng.reporters.JUnitReportReporter -->
<testsuite hostname="Vignesh" failures="0" tests="1" name="sampleprograms.Annotations" time="0.002" errors="0" timestamp="2022-05-28T22:18:22 IST" skipped="0">
  <testcase classname="sampleprograms.Annotations" name="test2" time="0.002"/>
  <system-out/>
</testsuite> <!-- sampleprograms.Annotations -->
