<?xml version="1.0" encoding="UTF-8"?>
<!-- Generated by org.testng.reporters.JUnitReportReporter -->
<testsuite hostname="Vignesh" failures="0" tests="1" name="sampleprograms.Testng_Annotations_Parameters_Egs" time="0.020" errors="0" timestamp="2022-05-28T22:18:42 IST" skipped="0">
  <testcase classname="sampleprograms.Testng_Annotations_Parameters_Egs" name="test4" time="0.020"/>
  <system-out/>
</testsuite> <!-- sampleprograms.Testng_Annotations_Parameters_Egs -->
