<?xml version="1.0" encoding="UTF-8"?>
<!-- Generated by org.testng.reporters.JUnitReportReporter -->
<testsuite hostname="Vignesh" failures="0" tests="5" name="sampleprograms.ExceptedExceptions" time="0.023" errors="0" timestamp="2022-05-28T22:10:27 IST" skipped="0">
  <testcase classname="sampleprograms.ExceptedExceptions" name="test2" time="0.015"/>
  <system-out/>
  <testcase classname="sampleprograms.ExceptedExceptions" name="test2" time="0.002"/>
  <system-out/>
  <testcase classname="sampleprograms.ExceptedExceptions" name="test2" time="0.002"/>
  <system-out/>
  <testcase classname="sampleprograms.ExceptedExceptions" name="test2" time="0.002"/>
  <system-out/>
  <testcase classname="sampleprograms.ExceptedExceptions" name="test2" time="0.002"/>
  <system-out/>
</testsuite> <!-- sampleprograms.ExceptedExceptions -->
