<?xml version="1.0" encoding="UTF-8"?>
<!-- Generated by org.testng.reporters.JUnitReportReporter -->
<testsuite hostname="Vignesh" failures="0" tests="2" name="sampleprograms.firsttest" time="14.964" errors="0" timestamp="2022-05-28T20:30:03 IST" skipped="0">
  <testcase classname="sampleprograms.firsttest" name="xyz" time="8.157"/>
  <system-out/>
  <testcase classname="sampleprograms.firsttest" name="abc" time="6.807"/>
  <system-out/>
</testsuite> <!-- sampleprograms.firsttest -->
