<?xml version="1.0" encoding="UTF-8"?>
<!-- Generated by org.testng.reporters.JUnitReportReporter -->
<testsuite hostname="Vignesh" failures="0" tests="2" name="sampleprograms.Annotations2" time="0.006" errors="0" timestamp="2022-05-28T20:26:11 IST" skipped="0">
  <testcase classname="sampleprograms.Annotations2" name="test2" time="0.003"/>
  <system-out/>
  <testcase classname="sampleprograms.Annotations2" name="test1" time="0.003"/>
  <system-out/>
</testsuite> <!-- sampleprograms.Annotations2 -->
